<?xml version="1.0" encoding="UTF-8"?>
<!-- Generated by org.testng.reporters.JUnitXMLReporter -->
<testsuite ignored="0" hostname="DESKTOP-A78SRF2" failures="0" tests="3" name="Test" time="28.245" errors="0" timestamp="2023-11-05T15:17:08 IST">
  <testcase classname="genericlibraries.BaseClass" name="@BeforeMethod methodConfig" time="2.328">
    <failure type="java.lang.RuntimeException" message="java.lang.IllegalAccessException: Can not set static final org.openqa.selenium.WebElement field pompages.UsersPage.successMessage to jdk.proxy2.$Proxy13">
      <![CDATA[java.lang.RuntimeException: java.lang.IllegalAccessException: Can not set static final org.openqa.selenium.WebElement field pompages.UsersPage.successMessage to jdk.proxy2.$Proxy13
at org.openqa.selenium.support.PageFactory.proxyFields(PageFactory.java:119)
at org.openqa.selenium.support.PageFactory.initElements(PageFactory.java:105)
at org.openqa.selenium.support.PageFactory.initElements(PageFactory.java:92)
at org.openqa.selenium.support.PageFactory.initElements(PageFactory.java:79)
at pompages.UsersPage.<init>(UsersPage.java:27)
at genericlibraries.BaseClass.methodConfig(BaseClass.java:70)
at java.base/java.util.ArrayList.forEach(ArrayList.java:1511)
Caused by: java.lang.IllegalAccessException: Can not set static final org.openqa.selenium.WebElement field pompages.UsersPage.successMessage to jdk.proxy2.$Proxy13
at org.openqa.selenium.support.PageFactory.proxyFields(PageFactory.java:117)
... 37 more
... Removed 35 stack frames]]>
    </failure>
  </testcase> <!-- @BeforeMethod methodConfig -->
  <testcase classname="genericlibraries.BaseClass" name="@AfterMethod methodTeardown" time="0.0">
    <skipped/>
  </testcase> <!-- @AfterMethod methodTeardown -->
  <testcase classname="genericlibraries.BaseClass" name="@AfterClass classTeardown" time="0.0">
    <skipped/>
  </testcase> <!-- @AfterClass classTeardown -->
  <testcase classname="genericlibraries.BaseClass" name="@BeforeMethod methodConfig" time="0.124">
    <failure type="java.lang.RuntimeException" message="java.lang.IllegalAccessException: Can not set static final org.openqa.selenium.WebElement field pompages.UsersPage.successMessage to jdk.proxy2.$Proxy13">
      <![CDATA[java.lang.RuntimeException: java.lang.IllegalAccessException: Can not set static final org.openqa.selenium.WebElement field pompages.UsersPage.successMessage to jdk.proxy2.$Proxy13
at org.openqa.selenium.support.PageFactory.proxyFields(PageFactory.java:119)
at org.openqa.selenium.support.PageFactory.initElements(PageFactory.java:105)
at org.openqa.selenium.support.PageFactory.initElements(PageFactory.java:92)
at org.openqa.selenium.support.PageFactory.initElements(PageFactory.java:79)
at pompages.UsersPage.<init>(UsersPage.java:27)
at genericlibraries.BaseClass.methodConfig(BaseClass.java:70)
at java.base/java.util.ArrayList.forEach(ArrayList.java:1511)
Caused by: java.lang.IllegalAccessException: Can not set static final org.openqa.selenium.WebElement field pompages.UsersPage.successMessage to jdk.proxy2.$Proxy13
at org.openqa.selenium.support.PageFactory.proxyFields(PageFactory.java:117)
... 37 more
... Removed 35 stack frames]]>
    </failure>
  </testcase> <!-- @BeforeMethod methodConfig -->
  <testcase classname="genericlibraries.BaseClass" name="@AfterMethod methodTeardown" time="0.0">
    <skipped/>
  </testcase> <!-- @AfterMethod methodTeardown -->
  <testcase classname="genericlibraries.BaseClass" name="@AfterClass classTeardown" time="0.0">
    <skipped/>
  </testcase> <!-- @AfterClass classTeardown -->
  <testcase classname="genericlibraries.BaseClass" name="@BeforeMethod methodConfig" time="0.234">
    <failure type="java.lang.RuntimeException" message="java.lang.IllegalAccessException: Can not set static final org.openqa.selenium.WebElement field pompages.UsersPage.successMessage to jdk.proxy2.$Proxy13">
      <![CDATA[java.lang.RuntimeException: java.lang.IllegalAccessException: Can not set static final org.openqa.selenium.WebElement field pompages.UsersPage.successMessage to jdk.proxy2.$Proxy13
at org.openqa.selenium.support.PageFactory.proxyFields(PageFactory.java:119)
at org.openqa.selenium.support.PageFactory.initElements(PageFactory.java:105)
at org.openqa.selenium.support.PageFactory.initElements(PageFactory.java:92)
at org.openqa.selenium.support.PageFactory.initElements(PageFactory.java:79)
at pompages.UsersPage.<init>(UsersPage.java:27)
at genericlibraries.BaseClass.methodConfig(BaseClass.java:70)
at java.base/java.util.ArrayList.forEach(ArrayList.java:1511)
Caused by: java.lang.IllegalAccessException: Can not set static final org.openqa.selenium.WebElement field pompages.UsersPage.successMessage to jdk.proxy2.$Proxy13
at org.openqa.selenium.support.PageFactory.proxyFields(PageFactory.java:117)
... 37 more
... Removed 35 stack frames]]>
    </failure>
  </testcase> <!-- @BeforeMethod methodConfig -->
  <testcase classname="genericlibraries.BaseClass" name="@AfterMethod methodTeardown" time="0.0">
    <skipped/>
  </testcase> <!-- @AfterMethod methodTeardown -->
  <testcase classname="genericlibraries.BaseClass" name="@AfterClass classTeardown" time="0.0">
    <skipped/>
  </testcase> <!-- @AfterClass classTeardown -->
  <testcase classname="testscripts.CreateUserTest" name="createUserTest" time="0.0">
    <skipped/>
  </testcase> <!-- createUserTest -->
  <testcase classname="testscripts.CreateCategoryTest" name="createCategoryTest" time="0.001">
    <skipped/>
  </testcase> <!-- createCategoryTest -->
  <testcase classname="testscripts.CreateCourseTest" name="createCourseTest" time="0.001">
    <skipped/>
  </testcase> <!-- createCourseTest -->
</testsuite> <!-- Test -->
